<?xml version="1.0" encoding="UTF-8"?>
<!-- Generated by org.testng.reporters.JUnitXMLReporter -->
<testsuite ignored="3" hostname="DESKTOP-7889H4F" failures="0" tests="9" name="PersonalLoan" time="0.086" errors="0" timestamp="2024-09-18T10:23:56 IST">
  <testcase classname="TestngPractice.Basic2" name="LoanTenure" time="0.005"/>
  <testcase classname="TestngPractice.Basic2" name="dummy" time="0.001"/>
  <testcase classname="TestngPractice.Basic3" name="CarLoan" time="0.001"/>
  <testcase classname="TestngPractice.Basic4" name="apilogin" time="0.002"/>
  <testcase classname="TestngPractice.Basic4" name="mobilelogin" time="0.002"/>
  <testcase classname="TestngPractice.Basic4" name="weblogin" time="0.002"/>
  <testcase classname="TestngPractice.basic6" name="Carneww1" time="0.001"/>
  <testcase classname="TestngPractice.basic6" name="Carneww2" time="0.001"/>
  <testcase classname="TestngPractice.Basic5" name="bikeLoan" time="0.001"/>
  <testcase classname="TestngPractice.Basic3" name="Cartenure" time="0.0">
    <ignored/>
  </testcase> <!-- Cartenure -->
  <testcase classname="TestngPractice.basic6" name="Carneww" time="0.0">
    <ignored/>
  </testcase> <!-- Carneww -->
  <testcase classname="TestngPractice.Basic5" name="bikeLoantenure" time="0.0">
    <ignored/>
  </testcase> <!-- bikeLoantenure -->
</testsuite> <!-- PersonalLoan -->
