<?xml version="1.0" encoding="UTF-8"?>
<!-- Generated by org.testng.reporters.JUnitXMLReporter -->
<testsuite ignored="0" hostname="DESKTOP-7889H4F" failures="0" tests="10" name="CarLoan" time="0.089" errors="0" timestamp="2025-04-30T11:10:50 IST">
  <testcase classname="TestngPractice.Basic3" name="CarLoan" time="0.008"/>
  <testcase classname="TestngPractice.Basic3" name="CarLoan" time="0.002"/>
  <testcase classname="TestngPractice.Basic3" name="CarLoan" time="0.002"/>
  <testcase classname="TestngPractice.Basic3" name="Cartenure" time="0.004"/>
  <testcase classname="TestngPractice.Basic4" name="apilogin" time="0.002"/>
  <testcase classname="TestngPractice.Basic4" name="mobilelogin" time="0.004"/>
  <testcase classname="TestngPractice.Basic4" name="weblogin" time="0.002"/>
  <testcase classname="TestngPractice.basic6" name="yarneww2" time="0.002"/>
  <testcase classname="TestngPractice.basic6" name="aarneww" time="0.001"/>
  <testcase classname="TestngPractice.basic6" name="tarneww1" time="0.002"/>
</testsuite> <!-- CarLoan -->
