<?xml version="1.0" encoding="UTF-8"?>
<!-- Generated by org.testng.reporters.JUnitXMLReporter -->
<testsuite ignored="0" hostname="DESKTOP-7889H4F" failures="0" tests="3" name="PersonalLoan" time="0.071" errors="0" timestamp="2025-05-01T12:55:10 IST">
  <testcase classname="TestngPractice.Restudyone" name="busloan" time="0.01"/>
  <testcase classname="TestngPractice.Restudyone" name="carloan" time="0.001"/>
  <testcase classname="TestngPractice.Restudyone" name="vehicleloan" time="0.001"/>
</testsuite> <!-- PersonalLoan -->
