<?xml version="1.0" encoding="UTF-8"?>
<!-- Generated by org.testng.reporters.JUnitXMLReporter -->
<testsuite ignored="0" hostname="DESKTOP-7889H4F" failures="0" tests="6" name="colour" time="0.097" errors="0" timestamp="2025-05-20T20:58:54 IST">
  <testcase classname="TestngPractice.RestdyTwo" name="asercheck" time="0.009"/>
  <testcase classname="TestngPractice.RestdyTwo" name="asercheck" time="0.002"/>
  <testcase classname="TestngPractice.RestdyTwo" name="asercheck" time="0.003"/>
  <testcase classname="TestngPractice.RestdyTwo" name="blue" time="0.006"/>
  <testcase classname="TestngPractice.RestdyTwo" name="greeen" time="0.001"/>
  <testcase classname="TestngPractice.RestdyTwo" name="red" time="0.001"/>
</testsuite> <!-- colour -->
